Flutter crash report.
Please report a bug at https://github.com/flutter/flutter/issues.

## command

flutter run

## exception

StateError: Bad state: The client closed with pending request "streamListen".

```
#0      new Client.withoutJson.<anonymous closure> (package:json_rpc_2/src/client.dart:70:24)
#1      _rootRun (dart:async/zone.dart:1182:47)
#2      _CustomZone.run (dart:async/zone.dart:1093:19)
#3      _FutureListener.handleWhenComplete (dart:async/future_impl.dart:167:18)
#4      Future._propagateToListeners.handleWhenCompleteCallback (dart:async/future_impl.dart:666:39)
#5      Future._propagateToListeners (dart:async/future_impl.dart:722:37)
#6      Future._propagateToListeners (dart:async/future_impl.dart:621:9)
#7      Future._completeWithValue (dart:async/future_impl.dart:529:5)
#8      Future._asyncCompleteWithValue.<anonymous closure> (dart:async/future_impl.dart:567:7)
#9      _rootRun (dart:async/zone.dart:1190:13)
#10     _CustomZone.run (dart:async/zone.dart:1093:19)
#11     _CustomZone.runGuarded (dart:async/zone.dart:997:7)
#12     _CustomZone.bindCallbackGuarded.<anonymous closure> (dart:async/zone.dart:1037:23)
#13     _microtaskLoop (dart:async/schedule_microtask.dart:41:21)
#14     _startMicrotaskLoop (dart:async/schedule_microtask.dart:50:5)
#15     _runPendingImmediateCallback (dart:isolate-patch/isolate_patch.dart:118:13)
#16     _RawReceivePortImpl._handleMessage (dart:isolate-patch/isolate_patch.dart:169:5)
```

## flutter doctor

```
[✓] Flutter (Channel master, 1.22.0-10.0.pre.269, on Mac OS X 10.15.6 19G73 x86_64, locale
    en-GB)
    • Flutter version 1.22.0-10.0.pre.269 at /Users/mac/Developer/flutter
    • Framework revision 51fa704642 (2 days ago), 2020-09-19 11:27:04 -0700
    • Engine revision 4b8477d115
    • Dart version 2.10.0 (build 2.10.0-142.0.dev)

[✓] Android toolchain - develop for Android devices (Android SDK version 30.0.2)
    • Android SDK at /Users/mac/Library/Android/sdk
    • Platform android-30, build-tools 30.0.2
    • Java binary at: /Applications/Android Studio.app/Contents/jre/jdk/Contents/Home/bin/java
    • Java version OpenJDK Runtime Environment (build 1.8.0_242-release-1644-b3-6222593)
    • All Android licenses accepted.

[✓] Xcode - develop for iOS and macOS (Xcode 11.7)
    • Xcode at /Applications/Xcode.app/Contents/Developer
    • Xcode 11.7, Build version 11E801a
    • CocoaPods version 1.9.3

[✓] Android Studio (version 4.0)
    • Android Studio at /Applications/Android Studio.app/Contents
    • Flutter plugin version 49.0.2
    • Dart plugin version 193.7547
    • Java version OpenJDK Runtime Environment (build 1.8.0_242-release-1644-b3-6222593)

[✓] Connected device (3 available)
    • sdk gphone x86 arm (mobile)         • emulator-5554                        • android-x86 •
      Android 11 (API 30) (emulator)
    • iPhone 11 (mobile)                  • 1E1B6031-EA7A-499E-BA1E-E745E158EB72 • ios         •
      com.apple.CoreSimulator.SimRuntime.iOS-13-7 (simulator)
    • iPhone SE (2nd generation) (mobile) • E8845855-D330-4976-8F50-BB884F2E7686 • ios         •
      com.apple.CoreSimulator.SimRuntime.iOS-13-7 (simulator)

• No issues found!
```
